I1020 05:58:28.325596 139712837896000 map_processor.py:48] Starting to build map of Manhattan at level 18.
I1020 05:58:28.325985 139712837896000 map_structure.py:50] Preparing map.
I1020 05:58:28.326053 139712837896000 map_structure.py:51] Extracting POI.
Traceback (most recent call last):
  File "/home/tzuf_google_com/dev/cabby/bazel-bin/cabby/geo/map_processing/map_processor.runfiles/cabby/cabby/geo/map_processing/map_processor.py", line 67, in <module>
    app.run(main)
  File "/opt/conda/envs/cabby/lib/python3.7/site-packages/absl/app.py", line 299, in run
    _run_main(main, args)
  File "/opt/conda/envs/cabby/lib/python3.7/site-packages/absl/app.py", line 250, in _run_main
    sys.exit(main(argv))
  File "/home/tzuf_google_com/dev/cabby/bazel-bin/cabby/geo/map_processing/map_processor.runfiles/cabby/cabby/geo/map_processing/map_processor.py", line 50, in main
    map = map_structure.Map(FLAGS.region, FLAGS.min_s2_level)
  File "/home/tzuf_google_com/dev/cabby/bazel-bin/cabby/geo/map_processing/map_processor.runfiles/cabby/cabby/geo/map_processing/map_structure.py", line 52, in __init__
    self.poi, self.streets = self.get_poi()
  File "/home/tzuf_google_com/dev/cabby/bazel-bin/cabby/geo/map_processing/map_processor.runfiles/cabby/cabby/geo/map_processing/map_structure.py", line 93, in get_poi
    osm_poi = ox.pois.pois_from_polygon(self.polygon_area, tags=tags)
  File "/opt/conda/envs/cabby/lib/python3.7/site-packages/osmnx/pois.py", line 517, in pois_from_polygon
    return _create_poi_gdf(polygon, tags)
  File "/opt/conda/envs/cabby/lib/python3.7/site-packages/osmnx/pois.py", line 320, in _create_poi_gdf
    responses = _osm_poi_download(polygon, tags)
  File "/opt/conda/envs/cabby/lib/python3.7/site-packages/osmnx/pois.py", line 114, in _osm_poi_download
    responses = downloader.overpass_request(data={"data": query})
  File "/opt/conda/envs/cabby/lib/python3.7/site-packages/osmnx/downloader.py", line 513, in overpass_request
    response = requests.post(url, data=data, timeout=settings.timeout, headers=headers)
  File "/opt/conda/envs/cabby/lib/python3.7/site-packages/requests/api.py", line 119, in post
    return request('post', url, data=data, json=json, **kwargs)
  File "/opt/conda/envs/cabby/lib/python3.7/site-packages/requests/api.py", line 61, in request
    return session.request(method=method, url=url, **kwargs)
  File "/opt/conda/envs/cabby/lib/python3.7/site-packages/requests/sessions.py", line 530, in request
    resp = self.send(prep, **send_kwargs)
  File "/opt/conda/envs/cabby/lib/python3.7/site-packages/requests/sessions.py", line 643, in send
    r = adapter.send(request, **kwargs)
  File "/opt/conda/envs/cabby/lib/python3.7/site-packages/requests/adapters.py", line 449, in send
    timeout=timeout
  File "/opt/conda/envs/cabby/lib/python3.7/site-packages/urllib3/connectionpool.py", line 677, in urlopen
    chunked=chunked,
  File "/opt/conda/envs/cabby/lib/python3.7/site-packages/urllib3/connectionpool.py", line 426, in _make_request
    six.raise_from(e, None)
  File "<string>", line 3, in raise_from
  File "/opt/conda/envs/cabby/lib/python3.7/site-packages/urllib3/connectionpool.py", line 421, in _make_request
    httplib_response = conn.getresponse()
  File "/opt/conda/envs/cabby/lib/python3.7/http/client.py", line 1344, in getresponse
    response.begin()
  File "/opt/conda/envs/cabby/lib/python3.7/http/client.py", line 306, in begin
    version, status, reason = self._read_status()
  File "/opt/conda/envs/cabby/lib/python3.7/http/client.py", line 267, in _read_status
    line = str(self.fp.readline(_MAXLINE + 1), "iso-8859-1")
  File "/opt/conda/envs/cabby/lib/python3.7/socket.py", line 589, in readinto
    return self._sock.recv_into(b)
KeyboardInterrupt
